<?xml version="1.0" encoding="UTF-8"?>
<!-- Generated by org.testng.reporters.JUnitReportReporter -->
<testsuite hostname="闫哥的电脑" failures="0" tests="7" name="hust.cs.javacourse.search.index.DocumentBuilderTest" time="0.002" errors="0" timestamp="27 5月 2024 12:50:13 GMT" skipped="0">
  <testcase classname="hust.cs.javacourse.search.index.DocumentBuilderTest" name="testTestBuild" time="0.000"/>
  <testcase classname="hust.cs.javacourse.search.index.DocumentBuilderTest" name="testBuild" time="0.000"/>
  <testcase classname="hust.cs.javacourse.search.index.DocumentBuilderTest" name="testTestBuild" time="0.000"/>
  <testcase classname="hust.cs.javacourse.search.index.DocumentBuilderTest" name="testBuild" time="0.002"/>
  <testcase classname="hust.cs.javacourse.search.index.DocumentBuilderTest" name="testBuild" time="0.000"/>
  <testcase classname="hust.cs.javacourse.search.index.DocumentBuilderTest" name="testBuild" time="0.000"/>
  <testcase classname="hust.cs.javacourse.search.index.DocumentBuilderTest" name="testBuild" time="0.000"/>
</testsuite> <!-- hust.cs.javacourse.search.index.DocumentBuilderTest -->
